2025-01-31T14:42:25.708+01:00  INFO 12568 --- [secure-directory] [restartedMain] c.e.s.SecureDirectoryApplication         : Starting SecureDirectoryApplication using Java 21.0.5 with PID 12568 (C:\Users\youne\Downloads\Annuaire2.0 (1)\secure-directory\target\classes started by youne in C:\Users\youne\Downloads\Annuaire2.0 (1))
2025-01-31T14:42:25.714+01:00 DEBUG 12568 --- [secure-directory] [restartedMain] c.e.s.SecureDirectoryApplication         : Running with Spring Boot v3.4.1, Spring v6.2.1
2025-01-31T14:42:25.724+01:00  INFO 12568 --- [secure-directory] [restartedMain] c.e.s.SecureDirectoryApplication         : No active profile set, falling back to 1 default profile: "default"
2025-01-31T14:42:26.054+01:00  INFO 12568 --- [secure-directory] [restartedMain] .e.DevToolsPropertyDefaultsPostProcessor : Devtools property defaults active! Set 'spring.devtools.add-properties' to 'false' to disable
2025-01-31T14:42:26.065+01:00  INFO 12568 --- [secure-directory] [restartedMain] .e.DevToolsPropertyDefaultsPostProcessor : For additional web related logging consider setting the 'logging.level.web' property to 'DEBUG'
2025-01-31T14:42:27.583+01:00  INFO 12568 --- [secure-directory] [restartedMain] .s.d.r.c.RepositoryConfigurationDelegate : Bootstrapping Spring Data JPA repositories in DEFAULT mode.
2025-01-31T14:42:27.642+01:00  INFO 12568 --- [secure-directory] [restartedMain] .s.d.r.c.RepositoryConfigurationDelegate : Finished Spring Data repository scanning in 50 ms. Found 2 JPA repository interfaces.
2025-01-31T14:42:28.705+01:00  INFO 12568 --- [secure-directory] [restartedMain] o.s.b.w.embedded.tomcat.TomcatWebServer  : Tomcat initialized with port 8080 (http)
2025-01-31T14:42:28.724+01:00  INFO 12568 --- [secure-directory] [restartedMain] o.apache.catalina.core.StandardService   : Starting service [Tomcat]
2025-01-31T14:42:28.725+01:00  INFO 12568 --- [secure-directory] [restartedMain] o.apache.catalina.core.StandardEngine    : Starting Servlet engine: [Apache Tomcat/10.1.34]
2025-01-31T14:42:28.787+01:00  INFO 12568 --- [secure-directory] [restartedMain] o.a.c.c.C.[Tomcat].[localhost].[/]       : Initializing Spring embedded WebApplicationContext
2025-01-31T14:42:28.788+01:00  INFO 12568 --- [secure-directory] [restartedMain] w.s.c.ServletWebServerApplicationContext : Root WebApplicationContext: initialization completed in 2686 ms
2025-01-31T14:42:29.086+01:00 DEBUG 12568 --- [secure-directory] [restartedMain] c.e.s.security.JwtAuthenticationFilter   : Filter 'jwtAuthenticationFilter' configured for use
2025-01-31T14:42:29.251+01:00  INFO 12568 --- [secure-directory] [restartedMain] o.hibernate.jpa.internal.util.LogHelper  : HHH000204: Processing PersistenceUnitInfo [name: default]
2025-01-31T14:42:29.325+01:00  INFO 12568 --- [secure-directory] [restartedMain] org.hibernate.Version                    : HHH000412: Hibernate ORM core version 6.6.4.Final
2025-01-31T14:42:29.365+01:00  INFO 12568 --- [secure-directory] [restartedMain] o.h.c.internal.RegionFactoryInitiator    : HHH000026: Second-level cache disabled
2025-01-31T14:42:29.700+01:00  INFO 12568 --- [secure-directory] [restartedMain] o.s.o.j.p.SpringPersistenceUnitInfo      : No LoadTimeWeaver setup: ignoring JPA class transformer
2025-01-31T14:42:29.737+01:00  INFO 12568 --- [secure-directory] [restartedMain] com.zaxxer.hikari.HikariDataSource       : HikariPool-1 - Starting...
2025-01-31T14:42:30.076+01:00  INFO 12568 --- [secure-directory] [restartedMain] com.zaxxer.hikari.pool.HikariPool        : HikariPool-1 - Added connection com.mysql.cj.jdbc.ConnectionImpl@25f9d221
2025-01-31T14:42:30.081+01:00  INFO 12568 --- [secure-directory] [restartedMain] com.zaxxer.hikari.HikariDataSource       : HikariPool-1 - Start completed.
2025-01-31T14:42:30.164+01:00  INFO 12568 --- [secure-directory] [restartedMain] org.hibernate.orm.connections.pooling    : HHH10001005: Database info:
	Database JDBC URL [Connecting through datasource 'HikariDataSource (HikariPool-1)']
	Database driver: undefined/unknown
	Database version: 8.0.40
	Autocommit mode: undefined/unknown
	Isolation level: undefined/unknown
	Minimum pool size: undefined/unknown
	Maximum pool size: undefined/unknown
2025-01-31T14:42:31.166+01:00  INFO 12568 --- [secure-directory] [restartedMain] o.h.e.t.j.p.i.JtaPlatformInitiator       : HHH000489: No JTA platform available (set 'hibernate.transaction.jta.platform' to enable JTA platform integration)
2025-01-31T14:42:31.242+01:00  INFO 12568 --- [secure-directory] [restartedMain] j.LocalContainerEntityManagerFactoryBean : Initialized JPA EntityManagerFactory for persistence unit 'default'
2025-01-31T14:42:31.810+01:00  WARN 12568 --- [secure-directory] [restartedMain] JpaBaseConfiguration$JpaWebConfiguration : spring.jpa.open-in-view is enabled by default. Therefore, database queries may be performed during view rendering. Explicitly configure spring.jpa.open-in-view to disable this warning
2025-01-31T14:42:31.868+01:00  INFO 12568 --- [secure-directory] [restartedMain] r$InitializeUserDetailsManagerConfigurer : Global AuthenticationManager configured with UserDetailsService bean with name utilisateurService
2025-01-31T14:42:32.598+01:00  INFO 12568 --- [secure-directory] [restartedMain] o.s.b.a.e.web.EndpointLinksResolver      : Exposing 1 endpoint beneath base path '/actuator'
2025-01-31T14:42:33.730+01:00  INFO 12568 --- [secure-directory] [restartedMain] o.s.b.a.h2.H2ConsoleAutoConfiguration    : H2 console available at '/h2-console'. Database available at 'jdbc:mysql://localhost:3306/secure_directory_db'
2025-01-31T14:42:33.851+01:00  INFO 12568 --- [secure-directory] [restartedMain] o.s.b.d.a.OptionalLiveReloadServer       : LiveReload server is running on port 35729
2025-01-31T14:42:33.978+01:00  INFO 12568 --- [secure-directory] [restartedMain] o.s.b.w.embedded.tomcat.TomcatWebServer  : Tomcat started on port 8080 (http) with context path '/'
2025-01-31T14:42:34.002+01:00  INFO 12568 --- [secure-directory] [restartedMain] c.e.s.SecureDirectoryApplication         : Started SecureDirectoryApplication in 9.17 seconds (process running for 9.846)
2025-01-31T14:42:34.277+01:00  INFO 12568 --- [secure-directory] [RMI TCP Connection(2)-127.0.0.1] o.a.c.c.C.[Tomcat].[localhost].[/]       : Initializing Spring DispatcherServlet 'dispatcherServlet'
2025-01-31T14:42:34.278+01:00  INFO 12568 --- [secure-directory] [RMI TCP Connection(2)-127.0.0.1] o.s.web.servlet.DispatcherServlet        : Initializing Servlet 'dispatcherServlet'
2025-01-31T14:42:34.283+01:00  INFO 12568 --- [secure-directory] [RMI TCP Connection(2)-127.0.0.1] o.s.web.servlet.DispatcherServlet        : Completed initialization in 3 ms
2025-01-31T14:43:27.907+01:00  INFO 12568 --- [secure-directory] [http-nio-8080-exec-2] c.e.s.controller.AuthController          : 💡 LOGIN endpoint atteint !
2025-01-31T14:43:27.909+01:00  INFO 12568 --- [secure-directory] [http-nio-8080-exec-2] c.e.s.controller.AuthController          : 📩 Reçu: {username=younesszaitouni60@gmail.com, password=asxesw123456?}
2025-01-31T14:43:36.312+01:00  WARN 12568 --- [secure-directory] [http-nio-8080-exec-10] .w.s.m.s.DefaultHandlerExceptionResolver : Ignoring exception, response committed already: org.springframework.http.converter.HttpMessageNotWritableException: Could not write JSON: Document nesting depth (1001) exceeds the maximum allowed (1000, from `StreamWriteConstraints.getMaxNestingDepth()`)
2025-01-31T14:43:36.312+01:00  WARN 12568 --- [secure-directory] [http-nio-8080-exec-10] .w.s.m.s.DefaultHandlerExceptionResolver : Resolved [org.springframework.http.converter.HttpMessageNotWritableException: Could not write JSON: Document nesting depth (1001) exceeds the maximum allowed (1000, from `StreamWriteConstraints.getMaxNestingDepth()`)]
2025-01-31T14:43:42.231+01:00  INFO 12568 --- [secure-directory] [http-nio-8080-exec-2] c.e.s.controller.AuthController          : 💡 LOGIN endpoint atteint !
2025-01-31T14:43:42.232+01:00  INFO 12568 --- [secure-directory] [http-nio-8080-exec-2] c.e.s.controller.AuthController          : 📩 Reçu: {username=younesszaitouni14500@gmail.com, password=asxesw123456?}
2025-01-31T14:43:51.807+01:00  INFO 12568 --- [secure-directory] [http-nio-8080-exec-4] c.e.s.controller.AuthController          : 💡 LOGIN endpoint atteint !
2025-01-31T14:43:51.807+01:00  INFO 12568 --- [secure-directory] [http-nio-8080-exec-4] c.e.s.controller.AuthController          : 📩 Reçu: {username=younesszaitouni145@gmail.com, password=asxesw123456?}
2025-01-31T14:48:05.342+01:00  INFO 12568 --- [secure-directory] [File Watcher] rtingClassPathChangeChangedEventListener : Restarting due to 1 class path change (1 addition, 0 deletions, 0 modifications)
2025-01-31T14:48:05.346+01:00  INFO 12568 --- [secure-directory] [Thread-5] o.s.b.w.e.tomcat.GracefulShutdown        : Commencing graceful shutdown. Waiting for active requests to complete
2025-01-31T14:48:05.352+01:00  INFO 12568 --- [secure-directory] [tomcat-shutdown] o.s.b.w.e.tomcat.GracefulShutdown        : Graceful shutdown complete
2025-01-31T14:48:05.359+01:00  INFO 12568 --- [secure-directory] [Thread-5] j.LocalContainerEntityManagerFactoryBean : Closing JPA EntityManagerFactory for persistence unit 'default'
2025-01-31T14:48:05.363+01:00  INFO 12568 --- [secure-directory] [Thread-5] com.zaxxer.hikari.HikariDataSource       : HikariPool-1 - Shutdown initiated...
2025-01-31T14:48:05.373+01:00  INFO 12568 --- [secure-directory] [Thread-5] com.zaxxer.hikari.HikariDataSource       : HikariPool-1 - Shutdown completed.
2025-01-31T14:48:05.472+01:00  INFO 12568 --- [secure-directory] [restartedMain] c.e.s.SecureDirectoryApplication         : Starting SecureDirectoryApplication using Java 21.0.5 with PID 12568 (C:\Users\youne\Downloads\Annuaire2.0 (1)\secure-directory\target\classes started by youne in C:\Users\youne\Downloads\Annuaire2.0 (1))
2025-01-31T14:48:05.473+01:00 DEBUG 12568 --- [secure-directory] [restartedMain] c.e.s.SecureDirectoryApplication         : Running with Spring Boot v3.4.1, Spring v6.2.1
2025-01-31T14:48:05.474+01:00  INFO 12568 --- [secure-directory] [restartedMain] c.e.s.SecureDirectoryApplication         : No active profile set, falling back to 1 default profile: "default"
2025-01-31T14:48:05.868+01:00  INFO 12568 --- [secure-directory] [restartedMain] .s.d.r.c.RepositoryConfigurationDelegate : Bootstrapping Spring Data JPA repositories in DEFAULT mode.
2025-01-31T14:48:05.884+01:00  INFO 12568 --- [secure-directory] [restartedMain] .s.d.r.c.RepositoryConfigurationDelegate : Finished Spring Data repository scanning in 14 ms. Found 2 JPA repository interfaces.
2025-01-31T14:48:06.037+01:00  INFO 12568 --- [secure-directory] [restartedMain] o.s.b.w.embedded.tomcat.TomcatWebServer  : Tomcat initialized with port 8080 (http)
2025-01-31T14:48:06.040+01:00  INFO 12568 --- [secure-directory] [restartedMain] o.apache.catalina.core.StandardService   : Starting service [Tomcat]
2025-01-31T14:48:06.041+01:00  INFO 12568 --- [secure-directory] [restartedMain] o.apache.catalina.core.StandardEngine    : Starting Servlet engine: [Apache Tomcat/10.1.34]
2025-01-31T14:48:06.091+01:00  INFO 12568 --- [secure-directory] [restartedMain] o.a.c.c.C.[Tomcat].[localhost].[/]       : Initializing Spring embedded WebApplicationContext
2025-01-31T14:48:06.092+01:00  INFO 12568 --- [secure-directory] [restartedMain] w.s.c.ServletWebServerApplicationContext : Root WebApplicationContext: initialization completed in 615 ms
2025-01-31T14:48:06.216+01:00 DEBUG 12568 --- [secure-directory] [restartedMain] c.e.s.security.JwtAuthenticationFilter   : Filter 'jwtAuthenticationFilter' configured for use
2025-01-31T14:48:06.320+01:00  INFO 12568 --- [secure-directory] [restartedMain] o.hibernate.jpa.internal.util.LogHelper  : HHH000204: Processing PersistenceUnitInfo [name: default]
2025-01-31T14:48:06.357+01:00  INFO 12568 --- [secure-directory] [restartedMain] o.h.c.internal.RegionFactoryInitiator    : HHH000026: Second-level cache disabled
2025-01-31T14:48:06.387+01:00  INFO 12568 --- [secure-directory] [restartedMain] o.s.o.j.p.SpringPersistenceUnitInfo      : No LoadTimeWeaver setup: ignoring JPA class transformer
2025-01-31T14:48:06.390+01:00  INFO 12568 --- [secure-directory] [restartedMain] com.zaxxer.hikari.HikariDataSource       : HikariPool-2 - Starting...
2025-01-31T14:48:06.410+01:00  INFO 12568 --- [secure-directory] [restartedMain] com.zaxxer.hikari.pool.HikariPool        : HikariPool-2 - Added connection com.mysql.cj.jdbc.ConnectionImpl@6a134b7
2025-01-31T14:48:06.411+01:00  INFO 12568 --- [secure-directory] [restartedMain] com.zaxxer.hikari.HikariDataSource       : HikariPool-2 - Start completed.
2025-01-31T14:48:06.413+01:00  INFO 12568 --- [secure-directory] [restartedMain] org.hibernate.orm.connections.pooling    : HHH10001005: Database info:
	Database JDBC URL [Connecting through datasource 'HikariDataSource (HikariPool-2)']
	Database driver: undefined/unknown
	Database version: 8.0.40
	Autocommit mode: undefined/unknown
	Isolation level: undefined/unknown
	Minimum pool size: undefined/unknown
	Maximum pool size: undefined/unknown
2025-01-31T14:48:06.497+01:00  INFO 12568 --- [secure-directory] [restartedMain] o.h.e.t.j.p.i.JtaPlatformInitiator       : HHH000489: No JTA platform available (set 'hibernate.transaction.jta.platform' to enable JTA platform integration)
2025-01-31T14:48:06.524+01:00  INFO 12568 --- [secure-directory] [restartedMain] j.LocalContainerEntityManagerFactoryBean : Initialized JPA EntityManagerFactory for persistence unit 'default'
2025-01-31T14:48:06.657+01:00  WARN 12568 --- [secure-directory] [restartedMain] JpaBaseConfiguration$JpaWebConfiguration : spring.jpa.open-in-view is enabled by default. Therefore, database queries may be performed during view rendering. Explicitly configure spring.jpa.open-in-view to disable this warning
2025-01-31T14:48:06.679+01:00  INFO 12568 --- [secure-directory] [restartedMain] r$InitializeUserDetailsManagerConfigurer : Global AuthenticationManager configured with UserDetailsService bean with name utilisateurService
2025-01-31T14:48:06.985+01:00  INFO 12568 --- [secure-directory] [restartedMain] o.s.b.a.e.web.EndpointLinksResolver      : Exposing 1 endpoint beneath base path '/actuator'
2025-01-31T14:48:07.258+01:00  INFO 12568 --- [secure-directory] [restartedMain] o.s.b.a.h2.H2ConsoleAutoConfiguration    : H2 console available at '/h2-console'. Database available at 'jdbc:mysql://localhost:3306/secure_directory_db'
2025-01-31T14:48:07.282+01:00  INFO 12568 --- [secure-directory] [restartedMain] o.s.b.d.a.OptionalLiveReloadServer       : LiveReload server is running on port 35729
2025-01-31T14:48:07.308+01:00  INFO 12568 --- [secure-directory] [restartedMain] o.s.b.w.embedded.tomcat.TomcatWebServer  : Tomcat started on port 8080 (http) with context path '/'
2025-01-31T14:48:07.313+01:00  INFO 12568 --- [secure-directory] [restartedMain] c.e.s.SecureDirectoryApplication         : Started SecureDirectoryApplication in 1.878 seconds (process running for 343.157)
2025-01-31T14:48:07.316+01:00  INFO 12568 --- [secure-directory] [restartedMain] .ConditionEvaluationDeltaLoggingListener : Condition evaluation unchanged
2025-01-31T14:48:25.068+01:00  INFO 12568 --- [secure-directory] [File Watcher] rtingClassPathChangeChangedEventListener : Restarting due to 1 class path change (0 additions, 1 deletion, 0 modifications)
2025-01-31T14:48:25.071+01:00  INFO 12568 --- [secure-directory] [Thread-7] o.s.b.w.e.tomcat.GracefulShutdown        : Commencing graceful shutdown. Waiting for active requests to complete
2025-01-31T14:48:25.077+01:00  INFO 12568 --- [secure-directory] [tomcat-shutdown] o.s.b.w.e.tomcat.GracefulShutdown        : Graceful shutdown complete
2025-01-31T14:48:25.080+01:00  INFO 12568 --- [secure-directory] [Thread-7] j.LocalContainerEntityManagerFactoryBean : Closing JPA EntityManagerFactory for persistence unit 'default'
2025-01-31T14:48:25.082+01:00  INFO 12568 --- [secure-directory] [Thread-7] com.zaxxer.hikari.HikariDataSource       : HikariPool-2 - Shutdown initiated...
2025-01-31T14:48:25.087+01:00  INFO 12568 --- [secure-directory] [Thread-7] com.zaxxer.hikari.HikariDataSource       : HikariPool-2 - Shutdown completed.
2025-01-31T14:48:25.170+01:00  INFO 12568 --- [secure-directory] [restartedMain] c.e.s.SecureDirectoryApplication         : Starting SecureDirectoryApplication using Java 21.0.5 with PID 12568 (C:\Users\youne\Downloads\Annuaire2.0 (1)\secure-directory\target\classes started by youne in C:\Users\youne\Downloads\Annuaire2.0 (1))
2025-01-31T14:48:25.171+01:00 DEBUG 12568 --- [secure-directory] [restartedMain] c.e.s.SecureDirectoryApplication         : Running with Spring Boot v3.4.1, Spring v6.2.1
2025-01-31T14:48:25.172+01:00  INFO 12568 --- [secure-directory] [restartedMain] c.e.s.SecureDirectoryApplication         : No active profile set, falling back to 1 default profile: "default"
2025-01-31T14:48:25.440+01:00  INFO 12568 --- [secure-directory] [restartedMain] .s.d.r.c.RepositoryConfigurationDelegate : Bootstrapping Spring Data JPA repositories in DEFAULT mode.
2025-01-31T14:48:25.455+01:00  INFO 12568 --- [secure-directory] [restartedMain] .s.d.r.c.RepositoryConfigurationDelegate : Finished Spring Data repository scanning in 12 ms. Found 2 JPA repository interfaces.
2025-01-31T14:48:25.624+01:00  INFO 12568 --- [secure-directory] [restartedMain] o.s.b.w.embedded.tomcat.TomcatWebServer  : Tomcat initialized with port 8080 (http)
2025-01-31T14:48:25.626+01:00  INFO 12568 --- [secure-directory] [restartedMain] o.apache.catalina.core.StandardService   : Starting service [Tomcat]
2025-01-31T14:48:25.628+01:00  INFO 12568 --- [secure-directory] [restartedMain] o.apache.catalina.core.StandardEngine    : Starting Servlet engine: [Apache Tomcat/10.1.34]
2025-01-31T14:48:25.695+01:00  INFO 12568 --- [secure-directory] [restartedMain] o.a.c.c.C.[Tomcat].[localhost].[/]       : Initializing Spring embedded WebApplicationContext
2025-01-31T14:48:25.696+01:00  INFO 12568 --- [secure-directory] [restartedMain] w.s.c.ServletWebServerApplicationContext : Root WebApplicationContext: initialization completed in 521 ms
2025-01-31T14:48:25.813+01:00 DEBUG 12568 --- [secure-directory] [restartedMain] c.e.s.security.JwtAuthenticationFilter   : Filter 'jwtAuthenticationFilter' configured for use
2025-01-31T14:48:25.861+01:00  INFO 12568 --- [secure-directory] [restartedMain] o.hibernate.jpa.internal.util.LogHelper  : HHH000204: Processing PersistenceUnitInfo [name: default]
2025-01-31T14:48:25.864+01:00  INFO 12568 --- [secure-directory] [restartedMain] o.h.c.internal.RegionFactoryInitiator    : HHH000026: Second-level cache disabled
2025-01-31T14:48:25.877+01:00  INFO 12568 --- [secure-directory] [restartedMain] o.s.o.j.p.SpringPersistenceUnitInfo      : No LoadTimeWeaver setup: ignoring JPA class transformer
2025-01-31T14:48:25.879+01:00  INFO 12568 --- [secure-directory] [restartedMain] com.zaxxer.hikari.HikariDataSource       : HikariPool-3 - Starting...
2025-01-31T14:48:25.893+01:00  INFO 12568 --- [secure-directory] [restartedMain] com.zaxxer.hikari.pool.HikariPool        : HikariPool-3 - Added connection com.mysql.cj.jdbc.ConnectionImpl@7262a255
2025-01-31T14:48:25.894+01:00  INFO 12568 --- [secure-directory] [restartedMain] com.zaxxer.hikari.HikariDataSource       : HikariPool-3 - Start completed.
2025-01-31T14:48:25.896+01:00  INFO 12568 --- [secure-directory] [restartedMain] org.hibernate.orm.connections.pooling    : HHH10001005: Database info:
	Database JDBC URL [Connecting through datasource 'HikariDataSource (HikariPool-3)']
	Database driver: undefined/unknown
	Database version: 8.0.40
	Autocommit mode: undefined/unknown
	Isolation level: undefined/unknown
	Minimum pool size: undefined/unknown
	Maximum pool size: undefined/unknown
2025-01-31T14:48:25.963+01:00  INFO 12568 --- [secure-directory] [restartedMain] o.h.e.t.j.p.i.JtaPlatformInitiator       : HHH000489: No JTA platform available (set 'hibernate.transaction.jta.platform' to enable JTA platform integration)
2025-01-31T14:48:25.981+01:00  INFO 12568 --- [secure-directory] [restartedMain] j.LocalContainerEntityManagerFactoryBean : Initialized JPA EntityManagerFactory for persistence unit 'default'
2025-01-31T14:48:26.084+01:00  WARN 12568 --- [secure-directory] [restartedMain] JpaBaseConfiguration$JpaWebConfiguration : spring.jpa.open-in-view is enabled by default. Therefore, database queries may be performed during view rendering. Explicitly configure spring.jpa.open-in-view to disable this warning
2025-01-31T14:48:26.102+01:00  INFO 12568 --- [secure-directory] [restartedMain] r$InitializeUserDetailsManagerConfigurer : Global AuthenticationManager configured with UserDetailsService bean with name utilisateurService
2025-01-31T14:48:26.294+01:00  INFO 12568 --- [secure-directory] [restartedMain] o.s.b.a.e.web.EndpointLinksResolver      : Exposing 1 endpoint beneath base path '/actuator'
2025-01-31T14:48:26.488+01:00  INFO 12568 --- [secure-directory] [restartedMain] o.s.b.a.h2.H2ConsoleAutoConfiguration    : H2 console available at '/h2-console'. Database available at 'jdbc:mysql://localhost:3306/secure_directory_db'
2025-01-31T14:48:26.505+01:00  INFO 12568 --- [secure-directory] [restartedMain] o.s.b.d.a.OptionalLiveReloadServer       : LiveReload server is running on port 35729
2025-01-31T14:48:26.521+01:00  INFO 12568 --- [secure-directory] [restartedMain] o.s.b.w.embedded.tomcat.TomcatWebServer  : Tomcat started on port 8080 (http) with context path '/'
2025-01-31T14:48:26.525+01:00  INFO 12568 --- [secure-directory] [restartedMain] c.e.s.SecureDirectoryApplication         : Started SecureDirectoryApplication in 1.38 seconds (process running for 362.368)
2025-01-31T14:48:26.527+01:00  INFO 12568 --- [secure-directory] [restartedMain] .ConditionEvaluationDeltaLoggingListener : Condition evaluation unchanged
2025-01-31T14:55:22.464+01:00  INFO 12568 --- [secure-directory] [File Watcher] rtingClassPathChangeChangedEventListener : Restarting due to 1 class path change (0 additions, 0 deletions, 1 modification)
2025-01-31T14:55:22.469+01:00  INFO 12568 --- [secure-directory] [Thread-11] o.s.b.w.e.tomcat.GracefulShutdown        : Commencing graceful shutdown. Waiting for active requests to complete
2025-01-31T14:55:22.478+01:00  INFO 12568 --- [secure-directory] [tomcat-shutdown] o.s.b.w.e.tomcat.GracefulShutdown        : Graceful shutdown complete
2025-01-31T14:55:22.482+01:00  INFO 12568 --- [secure-directory] [Thread-11] j.LocalContainerEntityManagerFactoryBean : Closing JPA EntityManagerFactory for persistence unit 'default'
2025-01-31T14:55:22.483+01:00  INFO 12568 --- [secure-directory] [Thread-11] com.zaxxer.hikari.HikariDataSource       : HikariPool-3 - Shutdown initiated...
2025-01-31T14:55:22.488+01:00  INFO 12568 --- [secure-directory] [Thread-11] com.zaxxer.hikari.HikariDataSource       : HikariPool-3 - Shutdown completed.
2025-01-31T14:55:22.565+01:00  INFO 12568 --- [secure-directory] [restartedMain] c.e.s.SecureDirectoryApplication         : Starting SecureDirectoryApplication using Java 21.0.5 with PID 12568 (C:\Users\youne\Downloads\Annuaire2.0 (1)\secure-directory\target\classes started by youne in C:\Users\youne\Downloads\Annuaire2.0 (1))
2025-01-31T14:55:22.567+01:00 DEBUG 12568 --- [secure-directory] [restartedMain] c.e.s.SecureDirectoryApplication         : Running with Spring Boot v3.4.1, Spring v6.2.1
2025-01-31T14:55:22.567+01:00  INFO 12568 --- [secure-directory] [restartedMain] c.e.s.SecureDirectoryApplication         : No active profile set, falling back to 1 default profile: "default"
2025-01-31T14:55:22.792+01:00  INFO 12568 --- [secure-directory] [restartedMain] .s.d.r.c.RepositoryConfigurationDelegate : Bootstrapping Spring Data JPA repositories in DEFAULT mode.
2025-01-31T14:55:22.805+01:00  INFO 12568 --- [secure-directory] [restartedMain] .s.d.r.c.RepositoryConfigurationDelegate : Finished Spring Data repository scanning in 11 ms. Found 2 JPA repository interfaces.
2025-01-31T14:55:22.919+01:00  INFO 12568 --- [secure-directory] [restartedMain] o.s.b.w.embedded.tomcat.TomcatWebServer  : Tomcat initialized with port 8080 (http)
2025-01-31T14:55:22.920+01:00  INFO 12568 --- [secure-directory] [restartedMain] o.apache.catalina.core.StandardService   : Starting service [Tomcat]
2025-01-31T14:55:22.921+01:00  INFO 12568 --- [secure-directory] [restartedMain] o.apache.catalina.core.StandardEngine    : Starting Servlet engine: [Apache Tomcat/10.1.34]
2025-01-31T14:55:22.938+01:00  INFO 12568 --- [secure-directory] [restartedMain] o.a.c.c.C.[Tomcat].[localhost].[/]       : Initializing Spring embedded WebApplicationContext
2025-01-31T14:55:22.939+01:00  INFO 12568 --- [secure-directory] [restartedMain] w.s.c.ServletWebServerApplicationContext : Root WebApplicationContext: initialization completed in 369 ms
2025-01-31T14:55:23.008+01:00 DEBUG 12568 --- [secure-directory] [restartedMain] c.e.s.security.JwtAuthenticationFilter   : Filter 'jwtAuthenticationFilter' configured for use
2025-01-31T14:55:23.042+01:00  INFO 12568 --- [secure-directory] [restartedMain] o.hibernate.jpa.internal.util.LogHelper  : HHH000204: Processing PersistenceUnitInfo [name: default]
2025-01-31T14:55:23.045+01:00  INFO 12568 --- [secure-directory] [restartedMain] o.h.c.internal.RegionFactoryInitiator    : HHH000026: Second-level cache disabled
2025-01-31T14:55:23.055+01:00  INFO 12568 --- [secure-directory] [restartedMain] o.s.o.j.p.SpringPersistenceUnitInfo      : No LoadTimeWeaver setup: ignoring JPA class transformer
2025-01-31T14:55:23.056+01:00  INFO 12568 --- [secure-directory] [restartedMain] com.zaxxer.hikari.HikariDataSource       : HikariPool-4 - Starting...
2025-01-31T14:55:23.069+01:00  INFO 12568 --- [secure-directory] [restartedMain] com.zaxxer.hikari.pool.HikariPool        : HikariPool-4 - Added connection com.mysql.cj.jdbc.ConnectionImpl@5c234e37
2025-01-31T14:55:23.070+01:00  INFO 12568 --- [secure-directory] [restartedMain] com.zaxxer.hikari.HikariDataSource       : HikariPool-4 - Start completed.
2025-01-31T14:55:23.072+01:00  INFO 12568 --- [secure-directory] [restartedMain] org.hibernate.orm.connections.pooling    : HHH10001005: Database info:
	Database JDBC URL [Connecting through datasource 'HikariDataSource (HikariPool-4)']
	Database driver: undefined/unknown
	Database version: 8.0.40
	Autocommit mode: undefined/unknown
	Isolation level: undefined/unknown
	Minimum pool size: undefined/unknown
	Maximum pool size: undefined/unknown
2025-01-31T14:55:23.132+01:00  INFO 12568 --- [secure-directory] [restartedMain] o.h.e.t.j.p.i.JtaPlatformInitiator       : HHH000489: No JTA platform available (set 'hibernate.transaction.jta.platform' to enable JTA platform integration)
2025-01-31T14:55:23.151+01:00  INFO 12568 --- [secure-directory] [restartedMain] j.LocalContainerEntityManagerFactoryBean : Initialized JPA EntityManagerFactory for persistence unit 'default'
2025-01-31T14:55:23.258+01:00  WARN 12568 --- [secure-directory] [restartedMain] JpaBaseConfiguration$JpaWebConfiguration : spring.jpa.open-in-view is enabled by default. Therefore, database queries may be performed during view rendering. Explicitly configure spring.jpa.open-in-view to disable this warning
2025-01-31T14:55:23.270+01:00  INFO 12568 --- [secure-directory] [restartedMain] r$InitializeUserDetailsManagerConfigurer : Global AuthenticationManager configured with UserDetailsService bean with name utilisateurService
2025-01-31T14:55:23.422+01:00  INFO 12568 --- [secure-directory] [restartedMain] o.s.b.a.e.web.EndpointLinksResolver      : Exposing 1 endpoint beneath base path '/actuator'
2025-01-31T14:55:23.649+01:00  INFO 12568 --- [secure-directory] [restartedMain] o.s.b.a.h2.H2ConsoleAutoConfiguration    : H2 console available at '/h2-console'. Database available at 'jdbc:mysql://localhost:3306/secure_directory_db'
2025-01-31T14:55:23.669+01:00  INFO 12568 --- [secure-directory] [restartedMain] o.s.b.d.a.OptionalLiveReloadServer       : LiveReload server is running on port 35729
2025-01-31T14:55:23.685+01:00  INFO 12568 --- [secure-directory] [restartedMain] o.s.b.w.embedded.tomcat.TomcatWebServer  : Tomcat started on port 8080 (http) with context path '/'
2025-01-31T14:55:23.690+01:00  INFO 12568 --- [secure-directory] [restartedMain] c.e.s.SecureDirectoryApplication         : Started SecureDirectoryApplication in 1.143 seconds (process running for 779.534)
2025-01-31T14:55:23.694+01:00  INFO 12568 --- [secure-directory] [restartedMain] .ConditionEvaluationDeltaLoggingListener : Condition evaluation unchanged
